\R
\Rplus
\Rnullplus
\Rminus
\Rnullminus
\Rnull
\Rohne{x}
\N
\Nnull
\mal
\div
\op
\bruch{zaehler}{nenner}
\gbruch{zahl}{zaehler}{nenner}
\Bruch{zaehler}{nenner}
\gBruch{zahl}{zaehler}{nenner}
\betrag{term}
\pp{prozentsatz}
\strecke{bezeichnung}
\laenge{bezeichnung}
\menge{ausdruck}
\Menge{ausdruck}{bedingung}
\mtext{text}
\emtext{text}
\qmtext{text}
\qqmtext{text}
\vnullbox{text}
\begin{abschnittweise}
\end{abschnittweise}
\punkt{name,x,y,z,...}
\integral{funktionsterm}
\integral[unt. Grenze][obere Grenze]{funktionsterm}
\Integral{funktionsterm}{variable}
\Integral[unt. Grenze][obere Grenze]{funktionsterm}{variable}
\intervall{lgrenze;rgrenze}
\intervall[lsym rsym]{lgrenze;rgrenze}
\intervall(lsym rsym){lgrenze;rgrenze}
\limes[var->grenze]{term}
\begin{gleichung}
\end{gleichung}
\begin{gleichung*}
\end{gleichung*}
\zwischentext{beliebiger Text...}
\Zwischentext[faktor]{beliebiger Text...}
\ltext{text}
\rtext{text}
